  Building 'osrusbfx2um' with toolset 'WindowsUserModeDriver10.0' and the 'Universal' target platform.
  Stamping Debug\osrusbfx2um.inf
  Stamping [Version] section with DriverVer=01/23/2020,22.0.12.645
  driver.c
  device.c
  ioctl.c
  bulkrwr.c
  Interrupt.c
  Generating Code...
     Creating library Debug\osrusbfx2um.lib and object Debug\osrusbfx2um.exp
  osrusbfx2um.vcxproj -> C:\Users\Fenway\source\repos\Windows-driver-samples\usb\umdf2_fx2\driver\Debug\osrusbfx2um.dll
  Done Adding Additional Store
  Successfully signed: C:\Users\Fenway\source\repos\Windows-driver-samples\usb\umdf2_fx2\driver\Debug\osrusbfx2um.dll
  
  Driver is a Universal Driver.
  ........................
  Signability test complete.
  
  Errors:
  None
  
  Warnings:
  None
  
  Catalog generation complete.
  C:\Users\Fenway\source\repos\Windows-driver-samples\usb\umdf2_fx2\driver\Debug\osrusbfx2um\wudf.cat
  Done Adding Additional Store
  Successfully signed: Debug\osrusbfx2um\wudf.cat
  
